Analysis & Synthesis report for project
Fri Jun 15 19:34:49 2018
Quartus Prime Version 17.1.0 Build 590 10/25/2017 SJ Lite Edition


---------------------
; Table of Contents ;
---------------------
  1. Legal Notice
  2. Analysis & Synthesis Summary
  3. Analysis & Synthesis Settings
  4. Parallel Compilation
  5. Analysis & Synthesis Source Files Read
  6. Analysis & Synthesis Resource Usage Summary
  7. Analysis & Synthesis Resource Utilization by Entity
  8. Analysis & Synthesis RAM Summary
  9. Registers Removed During Synthesis
 10. General Register Statistics
 11. Inverted Register Statistics
 12. Registers Packed Into Inferred Megafunctions
 13. Source assignments for vgacon:vga_component|dual_clock_ram:vgamem|altsyncram:ram_block_rtl_0|altsyncram_akl1:auto_generated
 14. Parameter Settings for User Entity Instance: vgacon:vga_component
 15. Parameter Settings for User Entity Instance: vgacon:vga_component|vga_pll:divider|vga_pll_0002:vga_pll_inst|altera_pll:altera_pll_i
 16. Parameter Settings for User Entity Instance: vgacon:vga_component|dual_clock_ram:vgamem
 17. Parameter Settings for Inferred Entity Instance: vgacon:vga_component|dual_clock_ram:vgamem|altsyncram:ram_block_rtl_0
 18. altsyncram Parameter Settings by Entity Instance
 19. Port Connectivity Checks: "vgacon:vga_component"
 20. Post-Synthesis Netlist Statistics for Top Partition
 21. Elapsed Time Per Partition
 22. Analysis & Synthesis Messages



----------------
; Legal Notice ;
----------------
Copyright (C) 2017  Intel Corporation. All rights reserved.
Your use of Intel Corporation's design tools, logic functions 
and other software and tools, and its AMPP partner logic 
functions, and any output files from any of the foregoing 
(including device programming or simulation files), and any 
associated documentation or information are expressly subject 
to the terms and conditions of the Intel Program License 
Subscription Agreement, the Intel Quartus Prime License Agreement,
the Intel FPGA IP License Agreement, or other applicable license
agreement, including, without limitation, that your use is for
the sole purpose of programming logic devices manufactured by
Intel and sold by Intel or its authorized distributors.  Please
refer to the applicable agreement for further details.



+-------------------------------------------------------------------------------+
; Analysis & Synthesis Summary                                                  ;
+---------------------------------+---------------------------------------------+
; Analysis & Synthesis Status     ; Successful - Fri Jun 15 19:34:49 2018       ;
; Quartus Prime Version           ; 17.1.0 Build 590 10/25/2017 SJ Lite Edition ;
; Revision Name                   ; project                                     ;
; Top-level Entity Name           ; test                                        ;
; Family                          ; Cyclone V                                   ;
; Logic utilization (in ALMs)     ; N/A                                         ;
; Total registers                 ; 107                                         ;
; Total pins                      ; 32                                          ;
; Total virtual pins              ; 0                                           ;
; Total block memory bits         ; 57,600                                      ;
; Total DSP Blocks                ; 0                                           ;
; Total HSSI RX PCSs              ; 0                                           ;
; Total HSSI PMA RX Deserializers ; 0                                           ;
; Total HSSI TX PCSs              ; 0                                           ;
; Total HSSI PMA TX Serializers   ; 0                                           ;
; Total PLLs                      ; 1                                           ;
; Total DLLs                      ; 0                                           ;
+---------------------------------+---------------------------------------------+


+---------------------------------------------------------------------------------------------------------------------------+
; Analysis & Synthesis Settings                                                                                             ;
+---------------------------------------------------------------------------------+--------------------+--------------------+
; Option                                                                          ; Setting            ; Default Value      ;
+---------------------------------------------------------------------------------+--------------------+--------------------+
; Device                                                                          ; 5CSEMA5F31C6       ;                    ;
; Top-level entity name                                                           ; test               ; project            ;
; Family name                                                                     ; Cyclone V          ; Cyclone V          ;
; Use smart compilation                                                           ; Off                ; Off                ;
; Enable parallel Assembler and TimeQuest Timing Analyzer during compilation      ; On                 ; On                 ;
; Enable compact report table                                                     ; Off                ; Off                ;
; Restructure Multiplexers                                                        ; Auto               ; Auto               ;
; MLAB Add Timing Constraints For Mixed-Port Feed-Through Mode Setting Don't Care ; Off                ; Off                ;
; Create Debugging Nodes for IP Cores                                             ; Off                ; Off                ;
; Preserve fewer node names                                                       ; On                 ; On                 ;
; Intel FPGA IP Evaluation Mode                                                   ; Enable             ; Enable             ;
; Verilog Version                                                                 ; Verilog_2001       ; Verilog_2001       ;
; VHDL Version                                                                    ; VHDL_1993          ; VHDL_1993          ;
; State Machine Processing                                                        ; Auto               ; Auto               ;
; Safe State Machine                                                              ; Off                ; Off                ;
; Extract Verilog State Machines                                                  ; On                 ; On                 ;
; Extract VHDL State Machines                                                     ; On                 ; On                 ;
; Ignore Verilog initial constructs                                               ; Off                ; Off                ;
; Iteration limit for constant Verilog loops                                      ; 5000               ; 5000               ;
; Iteration limit for non-constant Verilog loops                                  ; 250                ; 250                ;
; Add Pass-Through Logic to Inferred RAMs                                         ; On                 ; On                 ;
; Infer RAMs from Raw Logic                                                       ; On                 ; On                 ;
; Parallel Synthesis                                                              ; On                 ; On                 ;
; DSP Block Balancing                                                             ; Auto               ; Auto               ;
; NOT Gate Push-Back                                                              ; On                 ; On                 ;
; Power-Up Don't Care                                                             ; On                 ; On                 ;
; Remove Redundant Logic Cells                                                    ; Off                ; Off                ;
; Remove Duplicate Registers                                                      ; On                 ; On                 ;
; Ignore CARRY Buffers                                                            ; Off                ; Off                ;
; Ignore CASCADE Buffers                                                          ; Off                ; Off                ;
; Ignore GLOBAL Buffers                                                           ; Off                ; Off                ;
; Ignore ROW GLOBAL Buffers                                                       ; Off                ; Off                ;
; Ignore LCELL Buffers                                                            ; Off                ; Off                ;
; Ignore SOFT Buffers                                                             ; On                 ; On                 ;
; Limit AHDL Integers to 32 Bits                                                  ; Off                ; Off                ;
; Optimization Technique                                                          ; Balanced           ; Balanced           ;
; Carry Chain Length                                                              ; 70                 ; 70                 ;
; Auto Carry Chains                                                               ; On                 ; On                 ;
; Auto Open-Drain Pins                                                            ; On                 ; On                 ;
; Perform WYSIWYG Primitive Resynthesis                                           ; Off                ; Off                ;
; Auto ROM Replacement                                                            ; On                 ; On                 ;
; Auto RAM Replacement                                                            ; On                 ; On                 ;
; Auto DSP Block Replacement                                                      ; On                 ; On                 ;
; Auto Shift Register Replacement                                                 ; Auto               ; Auto               ;
; Allow Shift Register Merging across Hierarchies                                 ; Auto               ; Auto               ;
; Auto Clock Enable Replacement                                                   ; On                 ; On                 ;
; Strict RAM Replacement                                                          ; Off                ; Off                ;
; Allow Synchronous Control Signals                                               ; On                 ; On                 ;
; Force Use of Synchronous Clear Signals                                          ; Off                ; Off                ;
; Auto Resource Sharing                                                           ; Off                ; Off                ;
; Allow Any RAM Size For Recognition                                              ; Off                ; Off                ;
; Allow Any ROM Size For Recognition                                              ; Off                ; Off                ;
; Allow Any Shift Register Size For Recognition                                   ; Off                ; Off                ;
; Use LogicLock Constraints during Resource Balancing                             ; On                 ; On                 ;
; Ignore translate_off and synthesis_off directives                               ; Off                ; Off                ;
; Timing-Driven Synthesis                                                         ; On                 ; On                 ;
; Report Parameter Settings                                                       ; On                 ; On                 ;
; Report Source Assignments                                                       ; On                 ; On                 ;
; Report Connectivity Checks                                                      ; On                 ; On                 ;
; Ignore Maximum Fan-Out Assignments                                              ; Off                ; Off                ;
; Synchronization Register Chain Length                                           ; 3                  ; 3                  ;
; Power Optimization During Synthesis                                             ; Normal compilation ; Normal compilation ;
; HDL message level                                                               ; Level2             ; Level2             ;
; Suppress Register Optimization Related Messages                                 ; Off                ; Off                ;
; Number of Removed Registers Reported in Synthesis Report                        ; 5000               ; 5000               ;
; Number of Swept Nodes Reported in Synthesis Report                              ; 5000               ; 5000               ;
; Number of Inverted Registers Reported in Synthesis Report                       ; 100                ; 100                ;
; Clock MUX Protection                                                            ; On                 ; On                 ;
; Auto Gated Clock Conversion                                                     ; Off                ; Off                ;
; Block Design Naming                                                             ; Auto               ; Auto               ;
; SDC constraint protection                                                       ; Off                ; Off                ;
; Synthesis Effort                                                                ; Auto               ; Auto               ;
; Shift Register Replacement - Allow Asynchronous Clear Signal                    ; On                 ; On                 ;
; Pre-Mapping Resynthesis Optimization                                            ; Off                ; Off                ;
; Analysis & Synthesis Message Level                                              ; Medium             ; Medium             ;
; Disable Register Merging Across Hierarchies                                     ; Auto               ; Auto               ;
; Resource Aware Inference For Block RAM                                          ; On                 ; On                 ;
; Automatic Parallel Synthesis                                                    ; On                 ; On                 ;
; Partial Reconfiguration Bitstream ID                                            ; Off                ; Off                ;
+---------------------------------------------------------------------------------+--------------------+--------------------+


+------------------------------------------+
; Parallel Compilation                     ;
+----------------------------+-------------+
; Processors                 ; Number      ;
+----------------------------+-------------+
; Number detected on machine ; 4           ;
; Maximum allowed            ; 4           ;
;                            ;             ;
; Average used               ; 1.00        ;
; Maximum used               ; 4           ;
;                            ;             ;
; Usage by Processor         ; % Time Used ;
;     Processor 1            ; 100.0%      ;
;     Processors 2-4         ;   0.0%      ;
+----------------------------+-------------+


+--------------------------------------------------------------------------------------------------------------------------------------------------------------------------------------------+
; Analysis & Synthesis Source Files Read                                                                                                                                                     ;
+----------------------------------+-----------------+------------------------------+----------------------------------------------------------------------------------------------+---------+
; File Name with User-Entered Path ; Used in Netlist ; File Type                    ; File Name with Absolute Path                                                                 ; Library ;
+----------------------------------+-----------------+------------------------------+----------------------------------------------------------------------------------------------+---------+
; vga/vgacon.vhd                   ; yes             ; User VHDL File               ; /home/ec2014/ra156531/disciplinas/MC613/MC613-GIT/Projeto/Projeto/vga/vgacon.vhd             ;         ;
; vga/vga_pll.vhd                  ; yes             ; User Wizard-Generated File   ; /home/ec2014/ra156531/disciplinas/MC613/MC613-GIT/Projeto/Projeto/vga/vga_pll.vhd            ;         ;
; vga/vga_pll/vga_pll_0002.v       ; yes             ; User Verilog HDL File        ; /home/ec2014/ra156531/disciplinas/MC613/MC613-GIT/Projeto/Projeto/vga/vga_pll/vga_pll_0002.v ; vga_pll ;
; vga/test.vhd                     ; yes             ; User VHDL File               ; /home/ec2014/ra156531/disciplinas/MC613/MC613-GIT/Projeto/Projeto/vga/test.vhd               ;         ;
; altera_pll.v                     ; yes             ; Megafunction                 ; /opt/altera/17.1/quartus/libraries/megafunctions/altera_pll.v                                ;         ;
; altsyncram.tdf                   ; yes             ; Megafunction                 ; /opt/altera/17.1/quartus/libraries/megafunctions/altsyncram.tdf                              ;         ;
; stratix_ram_block.inc            ; yes             ; Megafunction                 ; /opt/altera/17.1/quartus/libraries/megafunctions/stratix_ram_block.inc                       ;         ;
; lpm_mux.inc                      ; yes             ; Megafunction                 ; /opt/altera/17.1/quartus/libraries/megafunctions/lpm_mux.inc                                 ;         ;
; lpm_decode.inc                   ; yes             ; Megafunction                 ; /opt/altera/17.1/quartus/libraries/megafunctions/lpm_decode.inc                              ;         ;
; aglobal171.inc                   ; yes             ; Megafunction                 ; /opt/altera/17.1/quartus/libraries/megafunctions/aglobal171.inc                              ;         ;
; a_rdenreg.inc                    ; yes             ; Megafunction                 ; /opt/altera/17.1/quartus/libraries/megafunctions/a_rdenreg.inc                               ;         ;
; altrom.inc                       ; yes             ; Megafunction                 ; /opt/altera/17.1/quartus/libraries/megafunctions/altrom.inc                                  ;         ;
; altram.inc                       ; yes             ; Megafunction                 ; /opt/altera/17.1/quartus/libraries/megafunctions/altram.inc                                  ;         ;
; altdpram.inc                     ; yes             ; Megafunction                 ; /opt/altera/17.1/quartus/libraries/megafunctions/altdpram.inc                                ;         ;
; db/altsyncram_akl1.tdf           ; yes             ; Auto-Generated Megafunction  ; /home/ec2014/ra156531/disciplinas/MC613/MC613-GIT/Projeto/Projeto/db/altsyncram_akl1.tdf     ;         ;
; db/decode_7la.tdf                ; yes             ; Auto-Generated Megafunction  ; /home/ec2014/ra156531/disciplinas/MC613/MC613-GIT/Projeto/Projeto/db/decode_7la.tdf          ;         ;
; db/decode_01a.tdf                ; yes             ; Auto-Generated Megafunction  ; /home/ec2014/ra156531/disciplinas/MC613/MC613-GIT/Projeto/Projeto/db/decode_01a.tdf          ;         ;
; db/mux_ifb.tdf                   ; yes             ; Auto-Generated Megafunction  ; /home/ec2014/ra156531/disciplinas/MC613/MC613-GIT/Projeto/Projeto/db/mux_ifb.tdf             ;         ;
+----------------------------------+-----------------+------------------------------+----------------------------------------------------------------------------------------------+---------+


+------------------------------------------------------------+
; Analysis & Synthesis Resource Usage Summary                ;
+---------------------------------------------+--------------+
; Resource                                    ; Usage        ;
+---------------------------------------------+--------------+
; Estimate of Logic utilization (ALMs needed) ; 83           ;
;                                             ;              ;
; Combinational ALUT usage for logic          ; 150          ;
;     -- 7 input functions                    ; 1            ;
;     -- 6 input functions                    ; 10           ;
;     -- 5 input functions                    ; 14           ;
;     -- 4 input functions                    ; 13           ;
;     -- <=3 input functions                  ; 112          ;
;                                             ;              ;
; Dedicated logic registers                   ; 107          ;
;                                             ;              ;
; I/O pins                                    ; 32           ;
; Total MLAB memory bits                      ; 0            ;
; Total block memory bits                     ; 57600        ;
;                                             ;              ;
; Total DSP Blocks                            ; 0            ;
;                                             ;              ;
; Total PLLs                                  ; 1            ;
;     -- PLLs                                 ; 1            ;
;                                             ;              ;
; Maximum fan-out node                        ; KEY[0]~input ;
; Maximum fan-out                             ; 106          ;
; Total fan-out                               ; 1159         ;
; Average fan-out                             ; 3.50         ;
+---------------------------------------------+--------------+


+------------------------------------------------------------------------------------------------------------------------------------------------------------------------------------------------------------------------------------------------------------------------------------------------------------------------------+
; Analysis & Synthesis Resource Utilization by Entity                                                                                                                                                                                                                                                                          ;
+----------------------------------------------+---------------------+---------------------------+-------------------+------------+------+--------------+-------------------------------------------------------------------------------------------------------------------------------------+-----------------+--------------+
; Compilation Hierarchy Node                   ; Combinational ALUTs ; Dedicated Logic Registers ; Block Memory Bits ; DSP Blocks ; Pins ; Virtual Pins ; Full Hierarchy Name                                                                                                                 ; Entity Name     ; Library Name ;
+----------------------------------------------+---------------------+---------------------------+-------------------+------------+------+--------------+-------------------------------------------------------------------------------------------------------------------------------------+-----------------+--------------+
; |test                                        ; 150 (96)            ; 107 (65)                  ; 57600             ; 0          ; 32   ; 0            ; |test                                                                                                                               ; test            ; work         ;
;    |vgacon:vga_component|                    ; 54 (48)             ; 42 (40)                   ; 57600             ; 0          ; 0    ; 0            ; |test|vgacon:vga_component                                                                                                          ; vgacon          ; work         ;
;       |dual_clock_ram:vgamem|                ; 6 (0)               ; 2 (0)                     ; 57600             ; 0          ; 0    ; 0            ; |test|vgacon:vga_component|dual_clock_ram:vgamem                                                                                    ; dual_clock_ram  ; work         ;
;          |altsyncram:ram_block_rtl_0|        ; 6 (0)               ; 2 (0)                     ; 57600             ; 0          ; 0    ; 0            ; |test|vgacon:vga_component|dual_clock_ram:vgamem|altsyncram:ram_block_rtl_0                                                         ; altsyncram      ; work         ;
;             |altsyncram_akl1:auto_generated| ; 6 (0)               ; 2 (2)                     ; 57600             ; 0          ; 0    ; 0            ; |test|vgacon:vga_component|dual_clock_ram:vgamem|altsyncram:ram_block_rtl_0|altsyncram_akl1:auto_generated                          ; altsyncram_akl1 ; work         ;
;                |decode_01a:rden_decode_b|    ; 3 (3)               ; 0 (0)                     ; 0                 ; 0          ; 0    ; 0            ; |test|vgacon:vga_component|dual_clock_ram:vgamem|altsyncram:ram_block_rtl_0|altsyncram_akl1:auto_generated|decode_01a:rden_decode_b ; decode_01a      ; work         ;
;                |decode_7la:decode2|          ; 3 (3)               ; 0 (0)                     ; 0                 ; 0          ; 0    ; 0            ; |test|vgacon:vga_component|dual_clock_ram:vgamem|altsyncram:ram_block_rtl_0|altsyncram_akl1:auto_generated|decode_7la:decode2       ; decode_7la      ; work         ;
;       |vga_pll:divider|                      ; 0 (0)               ; 0 (0)                     ; 0                 ; 0          ; 0    ; 0            ; |test|vgacon:vga_component|vga_pll:divider                                                                                          ; vga_pll         ; work         ;
;          |vga_pll_0002:vga_pll_inst|         ; 0 (0)               ; 0 (0)                     ; 0                 ; 0          ; 0    ; 0            ; |test|vgacon:vga_component|vga_pll:divider|vga_pll_0002:vga_pll_inst                                                                ; vga_pll_0002    ; vga_pll      ;
;             |altera_pll:altera_pll_i|        ; 0 (0)               ; 0 (0)                     ; 0                 ; 0          ; 0    ; 0            ; |test|vgacon:vga_component|vga_pll:divider|vga_pll_0002:vga_pll_inst|altera_pll:altera_pll_i                                        ; altera_pll      ; work         ;
+----------------------------------------------+---------------------+---------------------------+-------------------+------------+------+--------------+-------------------------------------------------------------------------------------------------------------------------------------+-----------------+--------------+
Note: For table entries with two numbers listed, the numbers in parentheses indicate the number of resources of the given type used by the specific entity alone. The numbers listed outside of parentheses indicate the total resources of the given type used by the specific entity and all of its sub-entities in the hierarchy.


+----------------------------------------------------------------------------------------------------------------------------------------------------------------------------------------------------------------------+
; Analysis & Synthesis RAM Summary                                                                                                                                                                                     ;
+-----------------------------------------------------------------------------------------------------------------+------+------------------+--------------+--------------+--------------+--------------+-------+------+
; Name                                                                                                            ; Type ; Mode             ; Port A Depth ; Port A Width ; Port B Depth ; Port B Width ; Size  ; MIF  ;
+-----------------------------------------------------------------------------------------------------------------+------+------------------+--------------+--------------+--------------+--------------+-------+------+
; vgacon:vga_component|dual_clock_ram:vgamem|altsyncram:ram_block_rtl_0|altsyncram_akl1:auto_generated|ALTSYNCRAM ; AUTO ; Simple Dual Port ; 19200        ; 3            ; 19200        ; 3            ; 57600 ; None ;
+-----------------------------------------------------------------------------------------------------------------+------+------------------+--------------+--------------+--------------+--------------+-------+------+


+--------------------------------------------------------------------------------+
; Registers Removed During Synthesis                                             ;
+---------------------------------------+----------------------------------------+
; Register name                         ; Reason for Removal                     ;
+---------------------------------------+----------------------------------------+
; clear_video_word[0..2]                ; Stuck at GND due to stuck port data_in ;
; normal_video_word[1,2]                ; Stuck at GND due to stuck port data_in ;
; Total Number of Removed Registers = 5 ;                                        ;
+---------------------------------------+----------------------------------------+


+------------------------------------------------------+
; General Register Statistics                          ;
+----------------------------------------------+-------+
; Statistic                                    ; Value ;
+----------------------------------------------+-------+
; Total registers                              ; 107   ;
; Number of registers using Synchronous Clear  ; 52    ;
; Number of registers using Synchronous Load   ; 0     ;
; Number of registers using Asynchronous Clear ; 105   ;
; Number of registers using Asynchronous Load  ; 0     ;
; Number of registers using Clock Enable       ; 25    ;
; Number of registers using Preset             ; 0     ;
+----------------------------------------------+-------+


+--------------------------------------------------+
; Inverted Register Statistics                     ;
+----------------------------------------+---------+
; Inverted Register                      ; Fan out ;
+----------------------------------------+---------+
; state                                  ; 33      ;
; Total number of inverted registers = 1 ;         ;
+----------------------------------------+---------+


+-------------------------------------------------------------------------------------------------------------------------------+
; Registers Packed Into Inferred Megafunctions                                                                                  ;
+-----------------------------------------------------------+------------------------------------------------------------+------+
; Register Name                                             ; Megafunction                                               ; Type ;
+-----------------------------------------------------------+------------------------------------------------------------+------+
; vgacon:vga_component|dual_clock_ram:vgamem|data_out[0..2] ; vgacon:vga_component|dual_clock_ram:vgamem|ram_block_rtl_0 ; RAM  ;
+-----------------------------------------------------------+------------------------------------------------------------+------+


+-----------------------------------------------------------------------------------------------------------------------------+
; Source assignments for vgacon:vga_component|dual_clock_ram:vgamem|altsyncram:ram_block_rtl_0|altsyncram_akl1:auto_generated ;
+---------------------------------+--------------------+------+---------------------------------------------------------------+
; Assignment                      ; Value              ; From ; To                                                            ;
+---------------------------------+--------------------+------+---------------------------------------------------------------+
; OPTIMIZE_POWER_DURING_SYNTHESIS ; NORMAL_COMPILATION ; -    ; -                                                             ;
+---------------------------------+--------------------+------+---------------------------------------------------------------+


+-------------------------------------------------------------------+
; Parameter Settings for User Entity Instance: vgacon:vga_component ;
+-----------------+-------+-----------------------------------------+
; Parameter Name  ; Value ; Type                                    ;
+-----------------+-------+-----------------------------------------+
; num_horz_pixels ; 160   ; Signed Integer                          ;
; num_vert_pixels ; 120   ; Signed Integer                          ;
+-----------------+-------+-----------------------------------------+
Note: In order to hide this table in the UI and the text report file, please set the "Show Parameter Settings in Synthesis Report" option in "Analysis and Synthesis Settings -> More Settings" to "Off".


+-------------------------------------------------------------------------------------------------------------------------------------+
; Parameter Settings for User Entity Instance: vgacon:vga_component|vga_pll:divider|vga_pll_0002:vga_pll_inst|altera_pll:altera_pll_i ;
+--------------------------------------+------------------------+---------------------------------------------------------------------+
; Parameter Name                       ; Value                  ; Type                                                                ;
+--------------------------------------+------------------------+---------------------------------------------------------------------+
; reference_clock_frequency            ; 50.0 MHz               ; String                                                              ;
; fractional_vco_multiplier            ; false                  ; String                                                              ;
; pll_type                             ; General                ; String                                                              ;
; pll_subtype                          ; General                ; String                                                              ;
; number_of_clocks                     ; 1                      ; Signed Integer                                                      ;
; operation_mode                       ; direct                 ; String                                                              ;
; deserialization_factor               ; 4                      ; Signed Integer                                                      ;
; data_rate                            ; 0                      ; Signed Integer                                                      ;
; sim_additional_refclk_cycles_to_lock ; 0                      ; Signed Integer                                                      ;
; output_clock_frequency0              ; 25.175644 MHz          ; String                                                              ;
; phase_shift0                         ; 0 ps                   ; String                                                              ;
; duty_cycle0                          ; 50                     ; Signed Integer                                                      ;
; output_clock_frequency1              ; 0 MHz                  ; String                                                              ;
; phase_shift1                         ; 0 ps                   ; String                                                              ;
; duty_cycle1                          ; 50                     ; Signed Integer                                                      ;
; output_clock_frequency2              ; 0 MHz                  ; String                                                              ;
; phase_shift2                         ; 0 ps                   ; String                                                              ;
; duty_cycle2                          ; 50                     ; Signed Integer                                                      ;
; output_clock_frequency3              ; 0 MHz                  ; String                                                              ;
; phase_shift3                         ; 0 ps                   ; String                                                              ;
; duty_cycle3                          ; 50                     ; Signed Integer                                                      ;
; output_clock_frequency4              ; 0 MHz                  ; String                                                              ;
; phase_shift4                         ; 0 ps                   ; String                                                              ;
; duty_cycle4                          ; 50                     ; Signed Integer                                                      ;
; output_clock_frequency5              ; 0 MHz                  ; String                                                              ;
; phase_shift5                         ; 0 ps                   ; String                                                              ;
; duty_cycle5                          ; 50                     ; Signed Integer                                                      ;
; output_clock_frequency6              ; 0 MHz                  ; String                                                              ;
; phase_shift6                         ; 0 ps                   ; String                                                              ;
; duty_cycle6                          ; 50                     ; Signed Integer                                                      ;
; output_clock_frequency7              ; 0 MHz                  ; String                                                              ;
; phase_shift7                         ; 0 ps                   ; String                                                              ;
; duty_cycle7                          ; 50                     ; Signed Integer                                                      ;
; output_clock_frequency8              ; 0 MHz                  ; String                                                              ;
; phase_shift8                         ; 0 ps                   ; String                                                              ;
; duty_cycle8                          ; 50                     ; Signed Integer                                                      ;
; output_clock_frequency9              ; 0 MHz                  ; String                                                              ;
; phase_shift9                         ; 0 ps                   ; String                                                              ;
; duty_cycle9                          ; 50                     ; Signed Integer                                                      ;
; output_clock_frequency10             ; 0 MHz                  ; String                                                              ;
; phase_shift10                        ; 0 ps                   ; String                                                              ;
; duty_cycle10                         ; 50                     ; Signed Integer                                                      ;
; output_clock_frequency11             ; 0 MHz                  ; String                                                              ;
; phase_shift11                        ; 0 ps                   ; String                                                              ;
; duty_cycle11                         ; 50                     ; Signed Integer                                                      ;
; output_clock_frequency12             ; 0 MHz                  ; String                                                              ;
; phase_shift12                        ; 0 ps                   ; String                                                              ;
; duty_cycle12                         ; 50                     ; Signed Integer                                                      ;
; output_clock_frequency13             ; 0 MHz                  ; String                                                              ;
; phase_shift13                        ; 0 ps                   ; String                                                              ;
; duty_cycle13                         ; 50                     ; Signed Integer                                                      ;
; output_clock_frequency14             ; 0 MHz                  ; String                                                              ;
; phase_shift14                        ; 0 ps                   ; String                                                              ;
; duty_cycle14                         ; 50                     ; Signed Integer                                                      ;
; output_clock_frequency15             ; 0 MHz                  ; String                                                              ;
; phase_shift15                        ; 0 ps                   ; String                                                              ;
; duty_cycle15                         ; 50                     ; Signed Integer                                                      ;
; output_clock_frequency16             ; 0 MHz                  ; String                                                              ;
; phase_shift16                        ; 0 ps                   ; String                                                              ;
; duty_cycle16                         ; 50                     ; Signed Integer                                                      ;
; output_clock_frequency17             ; 0 MHz                  ; String                                                              ;
; phase_shift17                        ; 0 ps                   ; String                                                              ;
; duty_cycle17                         ; 50                     ; Signed Integer                                                      ;
; clock_name_0                         ;                        ; String                                                              ;
; clock_name_1                         ;                        ; String                                                              ;
; clock_name_2                         ;                        ; String                                                              ;
; clock_name_3                         ;                        ; String                                                              ;
; clock_name_4                         ;                        ; String                                                              ;
; clock_name_5                         ;                        ; String                                                              ;
; clock_name_6                         ;                        ; String                                                              ;
; clock_name_7                         ;                        ; String                                                              ;
; clock_name_8                         ;                        ; String                                                              ;
; clock_name_global_0                  ; false                  ; String                                                              ;
; clock_name_global_1                  ; false                  ; String                                                              ;
; clock_name_global_2                  ; false                  ; String                                                              ;
; clock_name_global_3                  ; false                  ; String                                                              ;
; clock_name_global_4                  ; false                  ; String                                                              ;
; clock_name_global_5                  ; false                  ; String                                                              ;
; clock_name_global_6                  ; false                  ; String                                                              ;
; clock_name_global_7                  ; false                  ; String                                                              ;
; clock_name_global_8                  ; false                  ; String                                                              ;
; m_cnt_hi_div                         ; 1                      ; Signed Integer                                                      ;
; m_cnt_lo_div                         ; 1                      ; Signed Integer                                                      ;
; m_cnt_bypass_en                      ; false                  ; String                                                              ;
; m_cnt_odd_div_duty_en                ; false                  ; String                                                              ;
; n_cnt_hi_div                         ; 1                      ; Signed Integer                                                      ;
; n_cnt_lo_div                         ; 1                      ; Signed Integer                                                      ;
; n_cnt_bypass_en                      ; false                  ; String                                                              ;
; n_cnt_odd_div_duty_en                ; false                  ; String                                                              ;
; c_cnt_hi_div0                        ; 1                      ; Signed Integer                                                      ;
; c_cnt_lo_div0                        ; 1                      ; Signed Integer                                                      ;
; c_cnt_bypass_en0                     ; false                  ; String                                                              ;
; c_cnt_in_src0                        ; ph_mux_clk             ; String                                                              ;
; c_cnt_odd_div_duty_en0               ; false                  ; String                                                              ;
; c_cnt_prst0                          ; 1                      ; Signed Integer                                                      ;
; c_cnt_ph_mux_prst0                   ; 0                      ; Signed Integer                                                      ;
; c_cnt_hi_div1                        ; 1                      ; Signed Integer                                                      ;
; c_cnt_lo_div1                        ; 1                      ; Signed Integer                                                      ;
; c_cnt_bypass_en1                     ; false                  ; String                                                              ;
; c_cnt_in_src1                        ; ph_mux_clk             ; String                                                              ;
; c_cnt_odd_div_duty_en1               ; false                  ; String                                                              ;
; c_cnt_prst1                          ; 1                      ; Signed Integer                                                      ;
; c_cnt_ph_mux_prst1                   ; 0                      ; Signed Integer                                                      ;
; c_cnt_hi_div2                        ; 1                      ; Signed Integer                                                      ;
; c_cnt_lo_div2                        ; 1                      ; Signed Integer                                                      ;
; c_cnt_bypass_en2                     ; false                  ; String                                                              ;
; c_cnt_in_src2                        ; ph_mux_clk             ; String                                                              ;
; c_cnt_odd_div_duty_en2               ; false                  ; String                                                              ;
; c_cnt_prst2                          ; 1                      ; Signed Integer                                                      ;
; c_cnt_ph_mux_prst2                   ; 0                      ; Signed Integer                                                      ;
; c_cnt_hi_div3                        ; 1                      ; Signed Integer                                                      ;
; c_cnt_lo_div3                        ; 1                      ; Signed Integer                                                      ;
; c_cnt_bypass_en3                     ; false                  ; String                                                              ;
; c_cnt_in_src3                        ; ph_mux_clk             ; String                                                              ;
; c_cnt_odd_div_duty_en3               ; false                  ; String                                                              ;
; c_cnt_prst3                          ; 1                      ; Signed Integer                                                      ;
; c_cnt_ph_mux_prst3                   ; 0                      ; Signed Integer                                                      ;
; c_cnt_hi_div4                        ; 1                      ; Signed Integer                                                      ;
; c_cnt_lo_div4                        ; 1                      ; Signed Integer                                                      ;
; c_cnt_bypass_en4                     ; false                  ; String                                                              ;
; c_cnt_in_src4                        ; ph_mux_clk             ; String                                                              ;
; c_cnt_odd_div_duty_en4               ; false                  ; String                                                              ;
; c_cnt_prst4                          ; 1                      ; Signed Integer                                                      ;
; c_cnt_ph_mux_prst4                   ; 0                      ; Signed Integer                                                      ;
; c_cnt_hi_div5                        ; 1                      ; Signed Integer                                                      ;
; c_cnt_lo_div5                        ; 1                      ; Signed Integer                                                      ;
; c_cnt_bypass_en5                     ; false                  ; String                                                              ;
; c_cnt_in_src5                        ; ph_mux_clk             ; String                                                              ;
; c_cnt_odd_div_duty_en5               ; false                  ; String                                                              ;
; c_cnt_prst5                          ; 1                      ; Signed Integer                                                      ;
; c_cnt_ph_mux_prst5                   ; 0                      ; Signed Integer                                                      ;
; c_cnt_hi_div6                        ; 1                      ; Signed Integer                                                      ;
; c_cnt_lo_div6                        ; 1                      ; Signed Integer                                                      ;
; c_cnt_bypass_en6                     ; false                  ; String                                                              ;
; c_cnt_in_src6                        ; ph_mux_clk             ; String                                                              ;
; c_cnt_odd_div_duty_en6               ; false                  ; String                                                              ;
; c_cnt_prst6                          ; 1                      ; Signed Integer                                                      ;
; c_cnt_ph_mux_prst6                   ; 0                      ; Signed Integer                                                      ;
; c_cnt_hi_div7                        ; 1                      ; Signed Integer                                                      ;
; c_cnt_lo_div7                        ; 1                      ; Signed Integer                                                      ;
; c_cnt_bypass_en7                     ; false                  ; String                                                              ;
; c_cnt_in_src7                        ; ph_mux_clk             ; String                                                              ;
; c_cnt_odd_div_duty_en7               ; false                  ; String                                                              ;
; c_cnt_prst7                          ; 1                      ; Signed Integer                                                      ;
; c_cnt_ph_mux_prst7                   ; 0                      ; Signed Integer                                                      ;
; c_cnt_hi_div8                        ; 1                      ; Signed Integer                                                      ;
; c_cnt_lo_div8                        ; 1                      ; Signed Integer                                                      ;
; c_cnt_bypass_en8                     ; false                  ; String                                                              ;
; c_cnt_in_src8                        ; ph_mux_clk             ; String                                                              ;
; c_cnt_odd_div_duty_en8               ; false                  ; String                                                              ;
; c_cnt_prst8                          ; 1                      ; Signed Integer                                                      ;
; c_cnt_ph_mux_prst8                   ; 0                      ; Signed Integer                                                      ;
; c_cnt_hi_div9                        ; 1                      ; Signed Integer                                                      ;
; c_cnt_lo_div9                        ; 1                      ; Signed Integer                                                      ;
; c_cnt_bypass_en9                     ; false                  ; String                                                              ;
; c_cnt_in_src9                        ; ph_mux_clk             ; String                                                              ;
; c_cnt_odd_div_duty_en9               ; false                  ; String                                                              ;
; c_cnt_prst9                          ; 1                      ; Signed Integer                                                      ;
; c_cnt_ph_mux_prst9                   ; 0                      ; Signed Integer                                                      ;
; c_cnt_hi_div10                       ; 1                      ; Signed Integer                                                      ;
; c_cnt_lo_div10                       ; 1                      ; Signed Integer                                                      ;
; c_cnt_bypass_en10                    ; false                  ; String                                                              ;
; c_cnt_in_src10                       ; ph_mux_clk             ; String                                                              ;
; c_cnt_odd_div_duty_en10              ; false                  ; String                                                              ;
; c_cnt_prst10                         ; 1                      ; Signed Integer                                                      ;
; c_cnt_ph_mux_prst10                  ; 0                      ; Signed Integer                                                      ;
; c_cnt_hi_div11                       ; 1                      ; Signed Integer                                                      ;
; c_cnt_lo_div11                       ; 1                      ; Signed Integer                                                      ;
; c_cnt_bypass_en11                    ; false                  ; String                                                              ;
; c_cnt_in_src11                       ; ph_mux_clk             ; String                                                              ;
; c_cnt_odd_div_duty_en11              ; false                  ; String                                                              ;
; c_cnt_prst11                         ; 1                      ; Signed Integer                                                      ;
; c_cnt_ph_mux_prst11                  ; 0                      ; Signed Integer                                                      ;
; c_cnt_hi_div12                       ; 1                      ; Signed Integer                                                      ;
; c_cnt_lo_div12                       ; 1                      ; Signed Integer                                                      ;
; c_cnt_bypass_en12                    ; false                  ; String                                                              ;
; c_cnt_in_src12                       ; ph_mux_clk             ; String                                                              ;
; c_cnt_odd_div_duty_en12              ; false                  ; String                                                              ;
; c_cnt_prst12                         ; 1                      ; Signed Integer                                                      ;
; c_cnt_ph_mux_prst12                  ; 0                      ; Signed Integer                                                      ;
; c_cnt_hi_div13                       ; 1                      ; Signed Integer                                                      ;
; c_cnt_lo_div13                       ; 1                      ; Signed Integer                                                      ;
; c_cnt_bypass_en13                    ; false                  ; String                                                              ;
; c_cnt_in_src13                       ; ph_mux_clk             ; String                                                              ;
; c_cnt_odd_div_duty_en13              ; false                  ; String                                                              ;
; c_cnt_prst13                         ; 1                      ; Signed Integer                                                      ;
; c_cnt_ph_mux_prst13                  ; 0                      ; Signed Integer                                                      ;
; c_cnt_hi_div14                       ; 1                      ; Signed Integer                                                      ;
; c_cnt_lo_div14                       ; 1                      ; Signed Integer                                                      ;
; c_cnt_bypass_en14                    ; false                  ; String                                                              ;
; c_cnt_in_src14                       ; ph_mux_clk             ; String                                                              ;
; c_cnt_odd_div_duty_en14              ; false                  ; String                                                              ;
; c_cnt_prst14                         ; 1                      ; Signed Integer                                                      ;
; c_cnt_ph_mux_prst14                  ; 0                      ; Signed Integer                                                      ;
; c_cnt_hi_div15                       ; 1                      ; Signed Integer                                                      ;
; c_cnt_lo_div15                       ; 1                      ; Signed Integer                                                      ;
; c_cnt_bypass_en15                    ; false                  ; String                                                              ;
; c_cnt_in_src15                       ; ph_mux_clk             ; String                                                              ;
; c_cnt_odd_div_duty_en15              ; false                  ; String                                                              ;
; c_cnt_prst15                         ; 1                      ; Signed Integer                                                      ;
; c_cnt_ph_mux_prst15                  ; 0                      ; Signed Integer                                                      ;
; c_cnt_hi_div16                       ; 1                      ; Signed Integer                                                      ;
; c_cnt_lo_div16                       ; 1                      ; Signed Integer                                                      ;
; c_cnt_bypass_en16                    ; false                  ; String                                                              ;
; c_cnt_in_src16                       ; ph_mux_clk             ; String                                                              ;
; c_cnt_odd_div_duty_en16              ; false                  ; String                                                              ;
; c_cnt_prst16                         ; 1                      ; Signed Integer                                                      ;
; c_cnt_ph_mux_prst16                  ; 0                      ; Signed Integer                                                      ;
; c_cnt_hi_div17                       ; 1                      ; Signed Integer                                                      ;
; c_cnt_lo_div17                       ; 1                      ; Signed Integer                                                      ;
; c_cnt_bypass_en17                    ; false                  ; String                                                              ;
; c_cnt_in_src17                       ; ph_mux_clk             ; String                                                              ;
; c_cnt_odd_div_duty_en17              ; false                  ; String                                                              ;
; c_cnt_prst17                         ; 1                      ; Signed Integer                                                      ;
; c_cnt_ph_mux_prst17                  ; 0                      ; Signed Integer                                                      ;
; pll_vco_div                          ; 1                      ; Signed Integer                                                      ;
; pll_slf_rst                          ; false                  ; String                                                              ;
; pll_bw_sel                           ; low                    ; String                                                              ;
; pll_output_clk_frequency             ; 0 MHz                  ; String                                                              ;
; pll_cp_current                       ; 0                      ; Signed Integer                                                      ;
; pll_bwctrl                           ; 0                      ; Signed Integer                                                      ;
; pll_fractional_division              ; 1                      ; Signed Integer                                                      ;
; pll_fractional_cout                  ; 24                     ; Signed Integer                                                      ;
; pll_dsm_out_sel                      ; 1st_order              ; String                                                              ;
; mimic_fbclk_type                     ; gclk                   ; String                                                              ;
; pll_fbclk_mux_1                      ; glb                    ; String                                                              ;
; pll_fbclk_mux_2                      ; fb_1                   ; String                                                              ;
; pll_m_cnt_in_src                     ; ph_mux_clk             ; String                                                              ;
; pll_vcoph_div                        ; 1                      ; Signed Integer                                                      ;
; refclk1_frequency                    ; 0 MHz                  ; String                                                              ;
; pll_clkin_0_src                      ; clk_0                  ; String                                                              ;
; pll_clkin_1_src                      ; clk_0                  ; String                                                              ;
; pll_clk_loss_sw_en                   ; false                  ; String                                                              ;
; pll_auto_clk_sw_en                   ; false                  ; String                                                              ;
; pll_manu_clk_sw_en                   ; false                  ; String                                                              ;
; pll_clk_sw_dly                       ; 0                      ; Signed Integer                                                      ;
; pll_extclk_0_cnt_src                 ; pll_extclk_cnt_src_vss ; String                                                              ;
; pll_extclk_1_cnt_src                 ; pll_extclk_cnt_src_vss ; String                                                              ;
+--------------------------------------+------------------------+---------------------------------------------------------------------+
Note: In order to hide this table in the UI and the text report file, please set the "Show Parameter Settings in Synthesis Report" option in "Analysis and Synthesis Settings -> More Settings" to "Off".


+-----------------------------------------------------------------------------------------+
; Parameter Settings for User Entity Instance: vgacon:vga_component|dual_clock_ram:vgamem ;
+----------------+-------+----------------------------------------------------------------+
; Parameter Name ; Value ; Type                                                           ;
+----------------+-------+----------------------------------------------------------------+
; memsize        ; 19200 ; Signed Integer                                                 ;
+----------------+-------+----------------------------------------------------------------+
Note: In order to hide this table in the UI and the text report file, please set the "Show Parameter Settings in Synthesis Report" option in "Analysis and Synthesis Settings -> More Settings" to "Off".


+------------------------------------------------------------------------------------------------------------------------+
; Parameter Settings for Inferred Entity Instance: vgacon:vga_component|dual_clock_ram:vgamem|altsyncram:ram_block_rtl_0 ;
+------------------------------------+----------------------+------------------------------------------------------------+
; Parameter Name                     ; Value                ; Type                                                       ;
+------------------------------------+----------------------+------------------------------------------------------------+
; BYTE_SIZE_BLOCK                    ; 8                    ; Untyped                                                    ;
; AUTO_CARRY_CHAINS                  ; ON                   ; AUTO_CARRY                                                 ;
; IGNORE_CARRY_BUFFERS               ; OFF                  ; IGNORE_CARRY                                               ;
; AUTO_CASCADE_CHAINS                ; ON                   ; AUTO_CASCADE                                               ;
; IGNORE_CASCADE_BUFFERS             ; OFF                  ; IGNORE_CASCADE                                             ;
; WIDTH_BYTEENA                      ; 1                    ; Untyped                                                    ;
; OPERATION_MODE                     ; DUAL_PORT            ; Untyped                                                    ;
; WIDTH_A                            ; 3                    ; Untyped                                                    ;
; WIDTHAD_A                          ; 15                   ; Untyped                                                    ;
; NUMWORDS_A                         ; 19200                ; Untyped                                                    ;
; OUTDATA_REG_A                      ; UNREGISTERED         ; Untyped                                                    ;
; ADDRESS_ACLR_A                     ; NONE                 ; Untyped                                                    ;
; OUTDATA_ACLR_A                     ; NONE                 ; Untyped                                                    ;
; WRCONTROL_ACLR_A                   ; NONE                 ; Untyped                                                    ;
; INDATA_ACLR_A                      ; NONE                 ; Untyped                                                    ;
; BYTEENA_ACLR_A                     ; NONE                 ; Untyped                                                    ;
; WIDTH_B                            ; 3                    ; Untyped                                                    ;
; WIDTHAD_B                          ; 15                   ; Untyped                                                    ;
; NUMWORDS_B                         ; 19200                ; Untyped                                                    ;
; INDATA_REG_B                       ; CLOCK1               ; Untyped                                                    ;
; WRCONTROL_WRADDRESS_REG_B          ; CLOCK1               ; Untyped                                                    ;
; RDCONTROL_REG_B                    ; CLOCK1               ; Untyped                                                    ;
; ADDRESS_REG_B                      ; CLOCK1               ; Untyped                                                    ;
; OUTDATA_REG_B                      ; UNREGISTERED         ; Untyped                                                    ;
; BYTEENA_REG_B                      ; CLOCK1               ; Untyped                                                    ;
; INDATA_ACLR_B                      ; NONE                 ; Untyped                                                    ;
; WRCONTROL_ACLR_B                   ; NONE                 ; Untyped                                                    ;
; ADDRESS_ACLR_B                     ; NONE                 ; Untyped                                                    ;
; OUTDATA_ACLR_B                     ; NONE                 ; Untyped                                                    ;
; RDCONTROL_ACLR_B                   ; NONE                 ; Untyped                                                    ;
; BYTEENA_ACLR_B                     ; NONE                 ; Untyped                                                    ;
; WIDTH_BYTEENA_A                    ; 1                    ; Untyped                                                    ;
; WIDTH_BYTEENA_B                    ; 1                    ; Untyped                                                    ;
; RAM_BLOCK_TYPE                     ; AUTO                 ; Untyped                                                    ;
; BYTE_SIZE                          ; 8                    ; Untyped                                                    ;
; READ_DURING_WRITE_MODE_MIXED_PORTS ; DONT_CARE            ; Untyped                                                    ;
; READ_DURING_WRITE_MODE_PORT_A      ; NEW_DATA_NO_NBE_READ ; Untyped                                                    ;
; READ_DURING_WRITE_MODE_PORT_B      ; NEW_DATA_NO_NBE_READ ; Untyped                                                    ;
; INIT_FILE                          ; vga_mem.mif          ; Untyped                                                    ;
; INIT_FILE_LAYOUT                   ; PORT_A               ; Untyped                                                    ;
; MAXIMUM_DEPTH                      ; 0                    ; Untyped                                                    ;
; CLOCK_ENABLE_INPUT_A               ; NORMAL               ; Untyped                                                    ;
; CLOCK_ENABLE_INPUT_B               ; NORMAL               ; Untyped                                                    ;
; CLOCK_ENABLE_OUTPUT_A              ; NORMAL               ; Untyped                                                    ;
; CLOCK_ENABLE_OUTPUT_B              ; NORMAL               ; Untyped                                                    ;
; CLOCK_ENABLE_CORE_A                ; USE_INPUT_CLKEN      ; Untyped                                                    ;
; CLOCK_ENABLE_CORE_B                ; USE_INPUT_CLKEN      ; Untyped                                                    ;
; ENABLE_ECC                         ; FALSE                ; Untyped                                                    ;
; ECC_PIPELINE_STAGE_ENABLED         ; FALSE                ; Untyped                                                    ;
; WIDTH_ECCSTATUS                    ; 3                    ; Untyped                                                    ;
; DEVICE_FAMILY                      ; Cyclone V            ; Untyped                                                    ;
; CBXI_PARAMETER                     ; altsyncram_akl1      ; Untyped                                                    ;
+------------------------------------+----------------------+------------------------------------------------------------+
Note: In order to hide this table in the UI and the text report file, please set the "Show Parameter Settings in Synthesis Report" option in "Analysis and Synthesis Settings -> More Settings" to "Off".


+-------------------------------------------------------------------------------------------------------------------+
; altsyncram Parameter Settings by Entity Instance                                                                  ;
+-------------------------------------------+-----------------------------------------------------------------------+
; Name                                      ; Value                                                                 ;
+-------------------------------------------+-----------------------------------------------------------------------+
; Number of entity instances                ; 1                                                                     ;
; Entity Instance                           ; vgacon:vga_component|dual_clock_ram:vgamem|altsyncram:ram_block_rtl_0 ;
;     -- OPERATION_MODE                     ; DUAL_PORT                                                             ;
;     -- WIDTH_A                            ; 3                                                                     ;
;     -- NUMWORDS_A                         ; 19200                                                                 ;
;     -- OUTDATA_REG_A                      ; UNREGISTERED                                                          ;
;     -- WIDTH_B                            ; 3                                                                     ;
;     -- NUMWORDS_B                         ; 19200                                                                 ;
;     -- ADDRESS_REG_B                      ; CLOCK1                                                                ;
;     -- OUTDATA_REG_B                      ; UNREGISTERED                                                          ;
;     -- RAM_BLOCK_TYPE                     ; AUTO                                                                  ;
;     -- READ_DURING_WRITE_MODE_MIXED_PORTS ; DONT_CARE                                                             ;
+-------------------------------------------+-----------------------------------------------------------------------+


+--------------------------------------------------+
; Port Connectivity Checks: "vgacon:vga_component" ;
+--------------+-------+----------+----------------+
; Port         ; Type  ; Severity ; Details        ;
+--------------+-------+----------+----------------+
; write_enable ; Input ; Info     ; Stuck at VCC   ;
+--------------+-------+----------+----------------+


+-----------------------------------------------------+
; Post-Synthesis Netlist Statistics for Top Partition ;
+-----------------------+-----------------------------+
; Type                  ; Count                       ;
+-----------------------+-----------------------------+
; arriav_ff             ; 107                         ;
;     CLR               ; 38                          ;
;     CLR SCLR          ; 42                          ;
;     ENA CLR           ; 15                          ;
;     ENA CLR SCLR      ; 10                          ;
;     plain             ; 2                           ;
; arriav_lcell_comb     ; 151                         ;
;     arith             ; 80                          ;
;         1 data inputs ; 78                          ;
;         2 data inputs ; 2                           ;
;     extend            ; 1                           ;
;         7 data inputs ; 1                           ;
;     normal            ; 60                          ;
;         0 data inputs ; 2                           ;
;         1 data inputs ; 2                           ;
;         2 data inputs ; 4                           ;
;         3 data inputs ; 15                          ;
;         4 data inputs ; 13                          ;
;         5 data inputs ; 14                          ;
;         6 data inputs ; 10                          ;
;     shared            ; 10                          ;
;         1 data inputs ; 2                           ;
;         2 data inputs ; 7                           ;
;         3 data inputs ; 1                           ;
; boundary_port         ; 32                          ;
; generic_pll           ; 1                           ;
; stratixv_ram_block    ; 9                           ;
;                       ;                             ;
; Max LUT depth         ; 4.10                        ;
; Average LUT depth     ; 2.36                        ;
+-----------------------+-----------------------------+


+-------------------------------+
; Elapsed Time Per Partition    ;
+----------------+--------------+
; Partition Name ; Elapsed Time ;
+----------------+--------------+
; Top            ; 00:00:00     ;
+----------------+--------------+


+-------------------------------+
; Analysis & Synthesis Messages ;
+-------------------------------+
Info: *******************************************************************
Info: Running Quartus Prime Analysis & Synthesis
    Info: Version 17.1.0 Build 590 10/25/2017 SJ Lite Edition
    Info: Processing started: Fri Jun 15 19:34:39 2018
Info: Command: quartus_map --read_settings_files=on --write_settings_files=off project -c project
Warning (18236): Number of processors has not been specified which may cause overloading on shared machines.  Set the global assignment NUM_PARALLEL_PROCESSORS in your QSF to an appropriate value for best performance.
Info (20030): Parallel compilation is enabled and will use 4 of the 4 processors detected
Info (12021): Found 4 design units, including 2 entities, in source file vga/vgacon.vhd
    Info (12022): Found design unit 1: vgacon-behav File: /home/ec2014/ra156531/disciplinas/MC613/MC613-GIT/Projeto/Projeto/vga/vgacon.vhd Line: 96
    Info (12022): Found design unit 2: dual_clock_ram-behav File: /home/ec2014/ra156531/disciplinas/MC613/MC613-GIT/Projeto/Projeto/vga/vgacon.vhd Line: 269
    Info (12023): Found entity 1: vgacon File: /home/ec2014/ra156531/disciplinas/MC613/MC613-GIT/Projeto/Projeto/vga/vgacon.vhd Line: 75
    Info (12023): Found entity 2: dual_clock_ram File: /home/ec2014/ra156531/disciplinas/MC613/MC613-GIT/Projeto/Projeto/vga/vgacon.vhd Line: 256
Info (12021): Found 2 design units, including 1 entities, in source file vga/vga_pll.vhd
    Info (12022): Found design unit 1: vga_pll-rtl File: /home/ec2014/ra156531/disciplinas/MC613/MC613-GIT/Projeto/Projeto/vga/vga_pll.vhd Line: 19
    Info (12023): Found entity 1: vga_pll File: /home/ec2014/ra156531/disciplinas/MC613/MC613-GIT/Projeto/Projeto/vga/vga_pll.vhd Line: 11
Info (12021): Found 2 design units, including 1 entities, in source file vga/vga_pll.vhd
    Info (12022): Found design unit 1: vga_pll-rtl File: /home/ec2014/ra156531/disciplinas/MC613/MC613-GIT/Projeto/Projeto/vga/vga_pll.vhd Line: 19
    Info (12023): Found entity 1: vga_pll File: /home/ec2014/ra156531/disciplinas/MC613/MC613-GIT/Projeto/Projeto/vga/vga_pll.vhd Line: 11
Info (12021): Found 1 design units, including 1 entities, in source file vga/vga_pll/vga_pll_0002.v
    Info (12023): Found entity 1: vga_pll_0002 File: /home/ec2014/ra156531/disciplinas/MC613/MC613-GIT/Projeto/Projeto/vga/vga_pll/vga_pll_0002.v Line: 2
Info (12021): Found 2 design units, including 1 entities, in source file vga/test.vhd
    Info (12022): Found design unit 1: TEST-behavior File: /home/ec2014/ra156531/disciplinas/MC613/MC613-GIT/Projeto/Projeto/vga/test.vhd Line: 16
    Info (12023): Found entity 1: test File: /home/ec2014/ra156531/disciplinas/MC613/MC613-GIT/Projeto/Projeto/vga/test.vhd Line: 4
Info (12127): Elaborating entity "test" for the top level hierarchy
Warning (10540): VHDL Signal Declaration warning at test.vhd(54): used explicit default value for signal "write_enable" because signal was never assigned a value File: /home/ec2014/ra156531/disciplinas/MC613/MC613-GIT/Projeto/Projeto/vga/test.vhd Line: 54
Info (12128): Elaborating entity "vgacon" for hierarchy "vgacon:vga_component" File: /home/ec2014/ra156531/disciplinas/MC613/MC613-GIT/Projeto/Projeto/vga/test.vhd Line: 58
Info (12128): Elaborating entity "vga_pll" for hierarchy "vgacon:vga_component|vga_pll:divider" File: /home/ec2014/ra156531/disciplinas/MC613/MC613-GIT/Projeto/Projeto/vga/vgacon.vhd Line: 118
Info (12128): Elaborating entity "vga_pll_0002" for hierarchy "vgacon:vga_component|vga_pll:divider|vga_pll_0002:vga_pll_inst" File: /home/ec2014/ra156531/disciplinas/MC613/MC613-GIT/Projeto/Projeto/vga/vga_pll.vhd Line: 31
Info (12128): Elaborating entity "altera_pll" for hierarchy "vgacon:vga_component|vga_pll:divider|vga_pll_0002:vga_pll_inst|altera_pll:altera_pll_i" File: /home/ec2014/ra156531/disciplinas/MC613/MC613-GIT/Projeto/Projeto/vga/vga_pll/vga_pll_0002.v Line: 85
Info (10008): Verilog HDL or VHDL information: EDA Netlist Writer cannot regroup multidimensional array "wire_to_nowhere_64" into its bus
Info (12130): Elaborated megafunction instantiation "vgacon:vga_component|vga_pll:divider|vga_pll_0002:vga_pll_inst|altera_pll:altera_pll_i" File: /home/ec2014/ra156531/disciplinas/MC613/MC613-GIT/Projeto/Projeto/vga/vga_pll/vga_pll_0002.v Line: 85
Info (12133): Instantiated megafunction "vgacon:vga_component|vga_pll:divider|vga_pll_0002:vga_pll_inst|altera_pll:altera_pll_i" with the following parameter: File: /home/ec2014/ra156531/disciplinas/MC613/MC613-GIT/Projeto/Projeto/vga/vga_pll/vga_pll_0002.v Line: 85
    Info (12134): Parameter "fractional_vco_multiplier" = "false"
    Info (12134): Parameter "reference_clock_frequency" = "50.0 MHz"
    Info (12134): Parameter "operation_mode" = "direct"
    Info (12134): Parameter "number_of_clocks" = "1"
    Info (12134): Parameter "output_clock_frequency0" = "25.175644 MHz"
    Info (12134): Parameter "phase_shift0" = "0 ps"
    Info (12134): Parameter "duty_cycle0" = "50"
    Info (12134): Parameter "output_clock_frequency1" = "0 MHz"
    Info (12134): Parameter "phase_shift1" = "0 ps"
    Info (12134): Parameter "duty_cycle1" = "50"
    Info (12134): Parameter "output_clock_frequency2" = "0 MHz"
    Info (12134): Parameter "phase_shift2" = "0 ps"
    Info (12134): Parameter "duty_cycle2" = "50"
    Info (12134): Parameter "output_clock_frequency3" = "0 MHz"
    Info (12134): Parameter "phase_shift3" = "0 ps"
    Info (12134): Parameter "duty_cycle3" = "50"
    Info (12134): Parameter "output_clock_frequency4" = "0 MHz"
    Info (12134): Parameter "phase_shift4" = "0 ps"
    Info (12134): Parameter "duty_cycle4" = "50"
    Info (12134): Parameter "output_clock_frequency5" = "0 MHz"
    Info (12134): Parameter "phase_shift5" = "0 ps"
    Info (12134): Parameter "duty_cycle5" = "50"
    Info (12134): Parameter "output_clock_frequency6" = "0 MHz"
    Info (12134): Parameter "phase_shift6" = "0 ps"
    Info (12134): Parameter "duty_cycle6" = "50"
    Info (12134): Parameter "output_clock_frequency7" = "0 MHz"
    Info (12134): Parameter "phase_shift7" = "0 ps"
    Info (12134): Parameter "duty_cycle7" = "50"
    Info (12134): Parameter "output_clock_frequency8" = "0 MHz"
    Info (12134): Parameter "phase_shift8" = "0 ps"
    Info (12134): Parameter "duty_cycle8" = "50"
    Info (12134): Parameter "output_clock_frequency9" = "0 MHz"
    Info (12134): Parameter "phase_shift9" = "0 ps"
    Info (12134): Parameter "duty_cycle9" = "50"
    Info (12134): Parameter "output_clock_frequency10" = "0 MHz"
    Info (12134): Parameter "phase_shift10" = "0 ps"
    Info (12134): Parameter "duty_cycle10" = "50"
    Info (12134): Parameter "output_clock_frequency11" = "0 MHz"
    Info (12134): Parameter "phase_shift11" = "0 ps"
    Info (12134): Parameter "duty_cycle11" = "50"
    Info (12134): Parameter "output_clock_frequency12" = "0 MHz"
    Info (12134): Parameter "phase_shift12" = "0 ps"
    Info (12134): Parameter "duty_cycle12" = "50"
    Info (12134): Parameter "output_clock_frequency13" = "0 MHz"
    Info (12134): Parameter "phase_shift13" = "0 ps"
    Info (12134): Parameter "duty_cycle13" = "50"
    Info (12134): Parameter "output_clock_frequency14" = "0 MHz"
    Info (12134): Parameter "phase_shift14" = "0 ps"
    Info (12134): Parameter "duty_cycle14" = "50"
    Info (12134): Parameter "output_clock_frequency15" = "0 MHz"
    Info (12134): Parameter "phase_shift15" = "0 ps"
    Info (12134): Parameter "duty_cycle15" = "50"
    Info (12134): Parameter "output_clock_frequency16" = "0 MHz"
    Info (12134): Parameter "phase_shift16" = "0 ps"
    Info (12134): Parameter "duty_cycle16" = "50"
    Info (12134): Parameter "output_clock_frequency17" = "0 MHz"
    Info (12134): Parameter "phase_shift17" = "0 ps"
    Info (12134): Parameter "duty_cycle17" = "50"
    Info (12134): Parameter "pll_type" = "General"
    Info (12134): Parameter "pll_subtype" = "General"
Info (12128): Elaborating entity "dual_clock_ram" for hierarchy "vgacon:vga_component|dual_clock_ram:vgamem" File: /home/ec2014/ra156531/disciplinas/MC613/MC613-GIT/Projeto/Projeto/vga/vgacon.vhd Line: 124
Info (19000): Inferred 1 megafunctions from design logic
    Info (276029): Inferred altsyncram megafunction from the following design logic: "vgacon:vga_component|dual_clock_ram:vgamem|ram_block_rtl_0" 
        Info (286033): Parameter OPERATION_MODE set to DUAL_PORT
        Info (286033): Parameter WIDTH_A set to 3
        Info (286033): Parameter WIDTHAD_A set to 15
        Info (286033): Parameter NUMWORDS_A set to 19200
        Info (286033): Parameter WIDTH_B set to 3
        Info (286033): Parameter WIDTHAD_B set to 15
        Info (286033): Parameter NUMWORDS_B set to 19200
        Info (286033): Parameter ADDRESS_ACLR_A set to NONE
        Info (286033): Parameter OUTDATA_REG_B set to UNREGISTERED
        Info (286033): Parameter ADDRESS_ACLR_B set to NONE
        Info (286033): Parameter OUTDATA_ACLR_B set to NONE
        Info (286033): Parameter ADDRESS_REG_B set to CLOCK1
        Info (286033): Parameter INDATA_ACLR_A set to NONE
        Info (286033): Parameter WRCONTROL_ACLR_A set to NONE
        Info (286033): Parameter INIT_FILE set to vga_mem.mif
Info (12130): Elaborated megafunction instantiation "vgacon:vga_component|dual_clock_ram:vgamem|altsyncram:ram_block_rtl_0"
Info (12133): Instantiated megafunction "vgacon:vga_component|dual_clock_ram:vgamem|altsyncram:ram_block_rtl_0" with the following parameter:
    Info (12134): Parameter "OPERATION_MODE" = "DUAL_PORT"
    Info (12134): Parameter "WIDTH_A" = "3"
    Info (12134): Parameter "WIDTHAD_A" = "15"
    Info (12134): Parameter "NUMWORDS_A" = "19200"
    Info (12134): Parameter "WIDTH_B" = "3"
    Info (12134): Parameter "WIDTHAD_B" = "15"
    Info (12134): Parameter "NUMWORDS_B" = "19200"
    Info (12134): Parameter "ADDRESS_ACLR_A" = "NONE"
    Info (12134): Parameter "OUTDATA_REG_B" = "UNREGISTERED"
    Info (12134): Parameter "ADDRESS_ACLR_B" = "NONE"
    Info (12134): Parameter "OUTDATA_ACLR_B" = "NONE"
    Info (12134): Parameter "ADDRESS_REG_B" = "CLOCK1"
    Info (12134): Parameter "INDATA_ACLR_A" = "NONE"
    Info (12134): Parameter "WRCONTROL_ACLR_A" = "NONE"
    Info (12134): Parameter "INIT_FILE" = "vga_mem.mif"
Info (12021): Found 1 design units, including 1 entities, in source file db/altsyncram_akl1.tdf
    Info (12023): Found entity 1: altsyncram_akl1 File: /home/ec2014/ra156531/disciplinas/MC613/MC613-GIT/Projeto/Projeto/db/altsyncram_akl1.tdf Line: 33
Info (12021): Found 1 design units, including 1 entities, in source file db/decode_7la.tdf
    Info (12023): Found entity 1: decode_7la File: /home/ec2014/ra156531/disciplinas/MC613/MC613-GIT/Projeto/Projeto/db/decode_7la.tdf Line: 22
Info (12021): Found 1 design units, including 1 entities, in source file db/decode_01a.tdf
    Info (12023): Found entity 1: decode_01a File: /home/ec2014/ra156531/disciplinas/MC613/MC613-GIT/Projeto/Projeto/db/decode_01a.tdf Line: 22
Info (12021): Found 1 design units, including 1 entities, in source file db/mux_ifb.tdf
    Info (12023): Found entity 1: mux_ifb File: /home/ec2014/ra156531/disciplinas/MC613/MC613-GIT/Projeto/Projeto/db/mux_ifb.tdf Line: 22
Warning (13024): Output pins are stuck at VCC or GND
    Warning (13410): Pin "VGA_BLANK_N" is stuck at VCC File: /home/ec2014/ra156531/disciplinas/MC613/MC613-GIT/Projeto/Projeto/vga/test.vhd Line: 11
    Warning (13410): Pin "VGA_SYNC_N" is stuck at GND File: /home/ec2014/ra156531/disciplinas/MC613/MC613-GIT/Projeto/Projeto/vga/test.vhd Line: 11
Info (286030): Timing-Driven Synthesis is running
Critical Warning (18061): Ignored Power-Up Level option on the following registers
    Critical Warning (18010): Register state will power up to High File: /home/ec2014/ra156531/disciplinas/MC613/MC613-GIT/Projeto/Projeto/vga/test.vhd Line: 49
Info (16010): Generating hard_block partition "hard_block:auto_generated_inst"
    Info (16011): Adding 7 node(s), including 0 DDIO, 1 PLL, 0 transceiver and 0 LCELL
Warning (21074): Design contains 1 input pin(s) that do not drive logic
    Warning (15610): No output dependent on input pin "SW[0]" File: /home/ec2014/ra156531/disciplinas/MC613/MC613-GIT/Projeto/Projeto/vga/test.vhd Line: 6
Info (21057): Implemented 215 device resources after synthesis - the final resource count might be different
    Info (21058): Implemented 3 input pins
    Info (21059): Implemented 29 output pins
    Info (21061): Implemented 173 logic cells
    Info (21064): Implemented 9 RAM segments
    Info (21065): Implemented 1 PLLs
Info: Quartus Prime Analysis & Synthesis was successful. 0 errors, 9 warnings
    Info: Peak virtual memory: 1230 megabytes
    Info: Processing ended: Fri Jun 15 19:34:49 2018
    Info: Elapsed time: 00:00:10
    Info: Total CPU time (on all processors): 00:00:22


