Analysis & Synthesis report for mM_toplevel
Wed May 16 16:32:26 2018
Quartus Prime Version 17.1.0 Build 590 10/25/2017 SJ Lite Edition


---------------------
; Table of Contents ;
---------------------
  1. Legal Notice
  2. Analysis & Synthesis Summary
  3. Analysis & Synthesis Settings
  4. Parallel Compilation
  5. Analysis & Synthesis Messages



----------------
; Legal Notice ;
----------------
Copyright (C) 2017  Intel Corporation. All rights reserved.
Your use of Intel Corporation's design tools, logic functions 
and other software and tools, and its AMPP partner logic 
functions, and any output files from any of the foregoing 
(including device programming or simulation files), and any 
associated documentation or information are expressly subject 
to the terms and conditions of the Intel Program License 
Subscription Agreement, the Intel Quartus Prime License Agreement,
the Intel FPGA IP License Agreement, or other applicable license
agreement, including, without limitation, that your use is for
the sole purpose of programming logic devices manufactured by
Intel and sold by Intel or its authorized distributors.  Please
refer to the applicable agreement for further details.



+---------------------------------------------------------------------------+
; Analysis & Synthesis Summary                                              ;
+-----------------------------+---------------------------------------------+
; Analysis & Synthesis Status ; Failed - Wed May 16 16:32:26 2018           ;
; Quartus Prime Version       ; 17.1.0 Build 590 10/25/2017 SJ Lite Edition ;
; Revision Name               ; mM_toplevel                                 ;
; Top-level Entity Name       ; bank                                        ;
; Family                      ; Cyclone V                                   ;
; Logic utilization (in ALMs) ; N/A until Partition Merge                   ;
; Total registers             ; N/A until Partition Merge                   ;
; Total pins                  ; N/A until Partition Merge                   ;
; Total virtual pins          ; N/A until Partition Merge                   ;
; Total block memory bits     ; N/A until Partition Merge                   ;
; Total PLLs                  ; N/A until Partition Merge                   ;
; Total DLLs                  ; N/A until Partition Merge                   ;
+-----------------------------+---------------------------------------------+


+---------------------------------------------------------------------------------------------------------------------------+
; Analysis & Synthesis Settings                                                                                             ;
+---------------------------------------------------------------------------------+--------------------+--------------------+
; Option                                                                          ; Setting            ; Default Value      ;
+---------------------------------------------------------------------------------+--------------------+--------------------+
; Device                                                                          ; 5CSEMA5F31C6       ;                    ;
; Top-level entity name                                                           ; bank               ; mM_toplevel        ;
; Family name                                                                     ; Cyclone V          ; Cyclone V          ;
; Use smart compilation                                                           ; Off                ; Off                ;
; Enable parallel Assembler and TimeQuest Timing Analyzer during compilation      ; On                 ; On                 ;
; Enable compact report table                                                     ; Off                ; Off                ;
; Restructure Multiplexers                                                        ; Auto               ; Auto               ;
; MLAB Add Timing Constraints For Mixed-Port Feed-Through Mode Setting Don't Care ; Off                ; Off                ;
; Create Debugging Nodes for IP Cores                                             ; Off                ; Off                ;
; Preserve fewer node names                                                       ; On                 ; On                 ;
; Intel FPGA IP Evaluation Mode                                                   ; Enable             ; Enable             ;
; Verilog Version                                                                 ; Verilog_2001       ; Verilog_2001       ;
; VHDL Version                                                                    ; VHDL_1993          ; VHDL_1993          ;
; State Machine Processing                                                        ; Auto               ; Auto               ;
; Safe State Machine                                                              ; Off                ; Off                ;
; Extract Verilog State Machines                                                  ; On                 ; On                 ;
; Extract VHDL State Machines                                                     ; On                 ; On                 ;
; Ignore Verilog initial constructs                                               ; Off                ; Off                ;
; Iteration limit for constant Verilog loops                                      ; 5000               ; 5000               ;
; Iteration limit for non-constant Verilog loops                                  ; 250                ; 250                ;
; Add Pass-Through Logic to Inferred RAMs                                         ; On                 ; On                 ;
; Infer RAMs from Raw Logic                                                       ; On                 ; On                 ;
; Parallel Synthesis                                                              ; On                 ; On                 ;
; DSP Block Balancing                                                             ; Auto               ; Auto               ;
; NOT Gate Push-Back                                                              ; On                 ; On                 ;
; Power-Up Don't Care                                                             ; On                 ; On                 ;
; Remove Redundant Logic Cells                                                    ; Off                ; Off                ;
; Remove Duplicate Registers                                                      ; On                 ; On                 ;
; Ignore CARRY Buffers                                                            ; Off                ; Off                ;
; Ignore CASCADE Buffers                                                          ; Off                ; Off                ;
; Ignore GLOBAL Buffers                                                           ; Off                ; Off                ;
; Ignore ROW GLOBAL Buffers                                                       ; Off                ; Off                ;
; Ignore LCELL Buffers                                                            ; Off                ; Off                ;
; Ignore SOFT Buffers                                                             ; On                 ; On                 ;
; Limit AHDL Integers to 32 Bits                                                  ; Off                ; Off                ;
; Optimization Technique                                                          ; Balanced           ; Balanced           ;
; Carry Chain Length                                                              ; 70                 ; 70                 ;
; Auto Carry Chains                                                               ; On                 ; On                 ;
; Auto Open-Drain Pins                                                            ; On                 ; On                 ;
; Perform WYSIWYG Primitive Resynthesis                                           ; Off                ; Off                ;
; Auto ROM Replacement                                                            ; On                 ; On                 ;
; Auto RAM Replacement                                                            ; On                 ; On                 ;
; Auto DSP Block Replacement                                                      ; On                 ; On                 ;
; Auto Shift Register Replacement                                                 ; Auto               ; Auto               ;
; Allow Shift Register Merging across Hierarchies                                 ; Auto               ; Auto               ;
; Auto Clock Enable Replacement                                                   ; On                 ; On                 ;
; Strict RAM Replacement                                                          ; Off                ; Off                ;
; Allow Synchronous Control Signals                                               ; On                 ; On                 ;
; Force Use of Synchronous Clear Signals                                          ; Off                ; Off                ;
; Auto Resource Sharing                                                           ; Off                ; Off                ;
; Allow Any RAM Size For Recognition                                              ; Off                ; Off                ;
; Allow Any ROM Size For Recognition                                              ; Off                ; Off                ;
; Allow Any Shift Register Size For Recognition                                   ; Off                ; Off                ;
; Use LogicLock Constraints during Resource Balancing                             ; On                 ; On                 ;
; Ignore translate_off and synthesis_off directives                               ; Off                ; Off                ;
; Timing-Driven Synthesis                                                         ; On                 ; On                 ;
; Report Parameter Settings                                                       ; On                 ; On                 ;
; Report Source Assignments                                                       ; On                 ; On                 ;
; Report Connectivity Checks                                                      ; On                 ; On                 ;
; Ignore Maximum Fan-Out Assignments                                              ; Off                ; Off                ;
; Synchronization Register Chain Length                                           ; 3                  ; 3                  ;
; Power Optimization During Synthesis                                             ; Normal compilation ; Normal compilation ;
; HDL message level                                                               ; Level2             ; Level2             ;
; Suppress Register Optimization Related Messages                                 ; Off                ; Off                ;
; Number of Removed Registers Reported in Synthesis Report                        ; 5000               ; 5000               ;
; Number of Swept Nodes Reported in Synthesis Report                              ; 5000               ; 5000               ;
; Number of Inverted Registers Reported in Synthesis Report                       ; 100                ; 100                ;
; Clock MUX Protection                                                            ; On                 ; On                 ;
; Auto Gated Clock Conversion                                                     ; Off                ; Off                ;
; Block Design Naming                                                             ; Auto               ; Auto               ;
; SDC constraint protection                                                       ; Off                ; Off                ;
; Synthesis Effort                                                                ; Auto               ; Auto               ;
; Shift Register Replacement - Allow Asynchronous Clear Signal                    ; On                 ; On                 ;
; Pre-Mapping Resynthesis Optimization                                            ; Off                ; Off                ;
; Analysis & Synthesis Message Level                                              ; Medium             ; Medium             ;
; Disable Register Merging Across Hierarchies                                     ; Auto               ; Auto               ;
; Resource Aware Inference For Block RAM                                          ; On                 ; On                 ;
; Automatic Parallel Synthesis                                                    ; On                 ; On                 ;
; Partial Reconfiguration Bitstream ID                                            ; Off                ; Off                ;
+---------------------------------------------------------------------------------+--------------------+--------------------+


+------------------------------------------+
; Parallel Compilation                     ;
+----------------------------+-------------+
; Processors                 ; Number      ;
+----------------------------+-------------+
; Number detected on machine ; 4           ;
; Maximum allowed            ; 4           ;
;                            ;             ;
; Average used               ; 1.00        ;
; Maximum used               ; 1           ;
;                            ;             ;
; Usage by Processor         ; % Time Used ;
;     Processor 1            ; 100.0%      ;
+----------------------------+-------------+


+-------------------------------+
; Analysis & Synthesis Messages ;
+-------------------------------+
Info: *******************************************************************
Info: Running Quartus Prime Analysis & Synthesis
    Info: Version 17.1.0 Build 590 10/25/2017 SJ Lite Edition
    Info: Processing started: Wed May 16 16:32:16 2018
Info: Command: quartus_map --read_settings_files=on --write_settings_files=off m1ps -c mM_toplevel
Warning (18236): Number of processors has not been specified which may cause overloading on shared machines.  Set the global assignment NUM_PARALLEL_PROCESSORS in your QSF to an appropriate value for best performance.
Info (20030): Parallel compilation is enabled and will use 4 of the 4 processors detected
Info (12021): Found 2 design units, including 1 entities, in source file mM/bin2hex.vhd
    Info (12022): Found design unit 1: bin2hex-rtl File: /home/ec2014/ra156531/disciplinas/MC613/MC613-GIT/lab10/lab10_m1ps_v2018.1_restored/mM/bin2hex.vhd Line: 14
    Info (12023): Found entity 1: bin2hex File: /home/ec2014/ra156531/disciplinas/MC613/MC613-GIT/lab10/lab10_m1ps_v2018.1_restored/mM/bin2hex.vhd Line: 7
Info (12021): Found 2 design units, including 1 entities, in source file mM/vga_timing.vhd
    Info (12022): Found design unit 1: vga_timing-behavior File: /home/ec2014/ra156531/disciplinas/MC613/MC613-GIT/lab10/lab10_m1ps_v2018.1_restored/mM/vga_timing.vhd Line: 22
    Info (12023): Found entity 1: vga_timing File: /home/ec2014/ra156531/disciplinas/MC613/MC613-GIT/lab10/lab10_m1ps_v2018.1_restored/mM/vga_timing.vhd Line: 8
Info (12021): Found 2 design units, including 1 entities, in source file mM/vga_text_mode.vhd
    Info (12022): Found design unit 1: vga_text_mode-a_vga_text_mode File: /home/ec2014/ra156531/disciplinas/MC613/MC613-GIT/lab10/lab10_m1ps_v2018.1_restored/mM/vga_text_mode.vhd Line: 30
    Info (12023): Found entity 1: vga_text_mode File: /home/ec2014/ra156531/disciplinas/MC613/MC613-GIT/lab10/lab10_m1ps_v2018.1_restored/mM/vga_text_mode.vhd Line: 9
Info (12021): Found 2 design units, including 1 entities, in source file mM/rom.vhd
    Info (12022): Found design unit 1: rom-a_rom File: /home/ec2014/ra156531/disciplinas/MC613/MC613-GIT/lab10/lab10_m1ps_v2018.1_restored/mM/rom.vhd Line: 18
    Info (12023): Found entity 1: rom File: /home/ec2014/ra156531/disciplinas/MC613/MC613-GIT/lab10/lab10_m1ps_v2018.1_restored/mM/rom.vhd Line: 5
Info (12021): Found 2 design units, including 1 entities, in source file mM/ram.vhd
    Info (12022): Found design unit 1: ram-a_ram File: /home/ec2014/ra156531/disciplinas/MC613/MC613-GIT/lab10/lab10_m1ps_v2018.1_restored/mM/ram.vhd Line: 20
    Info (12023): Found entity 1: ram File: /home/ec2014/ra156531/disciplinas/MC613/MC613-GIT/lab10/lab10_m1ps_v2018.1_restored/mM/ram.vhd Line: 5
Info (12021): Found 1 design units, including 0 entities, in source file mM/pack.vhd
    Info (12022): Found design unit 1: mM_pack (mm) File: /home/ec2014/ra156531/disciplinas/MC613/MC613-GIT/lab10/lab10_m1ps_v2018.1_restored/mM/pack.vhd Line: 4
Info (12021): Found 2 design units, including 1 entities, in source file mM/mM_toplevel.vhd
    Info (12022): Found design unit 1: mM_toplevel-a_mM_toplevel File: /home/ec2014/ra156531/disciplinas/MC613/MC613-GIT/lab10/lab10_m1ps_v2018.1_restored/mM/mM_toplevel.vhd Line: 28
    Info (12023): Found entity 1: mM_toplevel File: /home/ec2014/ra156531/disciplinas/MC613/MC613-GIT/lab10/lab10_m1ps_v2018.1_restored/mM/mM_toplevel.vhd Line: 11
Info (12021): Found 2 design units, including 1 entities, in source file mM/mM.vhd
    Info (12022): Found design unit 1: monitor-a_monitor File: /home/ec2014/ra156531/disciplinas/MC613/MC613-GIT/lab10/lab10_m1ps_v2018.1_restored/mM/mM.vhd Line: 33
    Info (12023): Found entity 1: monitor File: /home/ec2014/ra156531/disciplinas/MC613/MC613-GIT/lab10/lab10_m1ps_v2018.1_restored/mM/mM.vhd Line: 14
Info (12021): Found 2 design units, including 1 entities, in source file mM/m1ps2vga.vhd
    Info (12022): Found design unit 1: m1ps2vga-a_m1ps2vga File: /home/ec2014/ra156531/disciplinas/MC613/MC613-GIT/lab10/lab10_m1ps_v2018.1_restored/mM/m1ps2vga.vhd Line: 30
    Info (12023): Found entity 1: m1ps2vga File: /home/ec2014/ra156531/disciplinas/MC613/MC613-GIT/lab10/lab10_m1ps_v2018.1_restored/mM/m1ps2vga.vhd Line: 9
Warning (12090): Entity "freqdiv" obtained from "mM/freqdiv.vhd" instead of from Quartus Prime megafunction library File: /home/ec2014/ra156531/disciplinas/MC613/MC613-GIT/lab10/lab10_m1ps_v2018.1_restored/mM/freqdiv.vhd Line: 5
Info (12021): Found 2 design units, including 1 entities, in source file mM/freqdiv.vhd
    Info (12022): Found design unit 1: freqdiv-behavior File: /home/ec2014/ra156531/disciplinas/MC613/MC613-GIT/lab10/lab10_m1ps_v2018.1_restored/mM/freqdiv.vhd Line: 14
    Info (12023): Found entity 1: freqdiv File: /home/ec2014/ra156531/disciplinas/MC613/MC613-GIT/lab10/lab10_m1ps_v2018.1_restored/mM/freqdiv.vhd Line: 5
Info (12021): Found 2 design units, including 1 entities, in source file mM/flopar.vhd
    Info (12022): Found design unit 1: flopar-a_flopar File: /home/ec2014/ra156531/disciplinas/MC613/MC613-GIT/lab10/lab10_m1ps_v2018.1_restored/mM/flopar.vhd Line: 14
    Info (12023): Found entity 1: flopar File: /home/ec2014/ra156531/disciplinas/MC613/MC613-GIT/lab10/lab10_m1ps_v2018.1_restored/mM/flopar.vhd Line: 4
Info (12021): Found 2 design units, including 1 entities, in source file mM/counter.vhd
    Info (12022): Found design unit 1: counter-a_counter File: /home/ec2014/ra156531/disciplinas/MC613/MC613-GIT/lab10/lab10_m1ps_v2018.1_restored/mM/counter.vhd Line: 19
    Info (12023): Found entity 1: counter File: /home/ec2014/ra156531/disciplinas/MC613/MC613-GIT/lab10/lab10_m1ps_v2018.1_restored/mM/counter.vhd Line: 5
Info (12021): Found 2 design units, including 1 entities, in source file mM/bin2hexascii.vhd
    Info (12022): Found design unit 1: bin2hexascii-behavior File: /home/ec2014/ra156531/disciplinas/MC613/MC613-GIT/lab10/lab10_m1ps_v2018.1_restored/mM/bin2hexascii.vhd Line: 9
    Info (12023): Found entity 1: bin2hexascii File: /home/ec2014/ra156531/disciplinas/MC613/MC613-GIT/lab10/lab10_m1ps_v2018.1_restored/mM/bin2hexascii.vhd Line: 4
Info (12021): Found 2 design units, including 1 entities, in source file Processor/UC.vhd
    Info (12022): Found design unit 1: UC-Behavior File: /home/ec2014/ra156531/disciplinas/MC613/MC613-GIT/lab10/lab10_m1ps_v2018.1_restored/Processor/UC.vhd Line: 17
    Info (12023): Found entity 1: UC File: /home/ec2014/ra156531/disciplinas/MC613/MC613-GIT/lab10/lab10_m1ps_v2018.1_restored/Processor/UC.vhd Line: 7
Info (12021): Found 2 design units, including 1 entities, in source file Processor/reg.vhd
    Info (12022): Found design unit 1: reg-Behavior File: /home/ec2014/ra156531/disciplinas/MC613/MC613-GIT/lab10/lab10_m1ps_v2018.1_restored/Processor/reg.vhd Line: 17
    Info (12023): Found entity 1: reg File: /home/ec2014/ra156531/disciplinas/MC613/MC613-GIT/lab10/lab10_m1ps_v2018.1_restored/Processor/reg.vhd Line: 4
Info (12021): Found 2 design units, including 1 entities, in source file Processor/PC.vhd
    Info (12022): Found design unit 1: PC-Behavior File: /home/ec2014/ra156531/disciplinas/MC613/MC613-GIT/lab10/lab10_m1ps_v2018.1_restored/Processor/PC.vhd Line: 21
    Info (12023): Found entity 1: PC File: /home/ec2014/ra156531/disciplinas/MC613/MC613-GIT/lab10/lab10_m1ps_v2018.1_restored/Processor/PC.vhd Line: 6
Info (12021): Found 1 design units, including 0 entities, in source file Processor/pack.vhd
    Info (12022): Found design unit 1: Processor_pack (processor) File: /home/ec2014/ra156531/disciplinas/MC613/MC613-GIT/lab10/lab10_m1ps_v2018.1_restored/Processor/pack.vhd Line: 4
Info (12021): Found 2 design units, including 1 entities, in source file Processor/mux2.vhd
    Info (12022): Found design unit 1: mux2-a_mux2 File: /home/ec2014/ra156531/disciplinas/MC613/MC613-GIT/lab10/lab10_m1ps_v2018.1_restored/Processor/mux2.vhd Line: 10
    Info (12023): Found entity 1: mux2 File: /home/ec2014/ra156531/disciplinas/MC613/MC613-GIT/lab10/lab10_m1ps_v2018.1_restored/Processor/mux2.vhd Line: 3
Info (12021): Found 1 design units, including 1 entities, in source file Processor/CPU.bdf
    Info (12023): Found entity 1: CPU
Info (12021): Found 2 design units, including 1 entities, in source file Processor/ALU.vhd
    Info (12022): Found design unit 1: ALU-Behavior File: /home/ec2014/ra156531/disciplinas/MC613/MC613-GIT/lab10/lab10_m1ps_v2018.1_restored/Processor/ALU.vhd Line: 17
    Info (12023): Found entity 1: ALU File: /home/ec2014/ra156531/disciplinas/MC613/MC613-GIT/lab10/lab10_m1ps_v2018.1_restored/Processor/ALU.vhd Line: 5
Error (10500): VHDL syntax error at bank.vhd(40) near text "process";  expecting "if" File: /home/ec2014/ra156531/disciplinas/MC613/MC613-GIT/lab10/lab10_m1ps_v2018.1_restored/Processor/bank.vhd Line: 40
Info (12021): Found 0 design units, including 0 entities, in source file Processor/bank.vhd
Error: Quartus Prime Analysis & Synthesis was unsuccessful. 1 error, 2 warnings
    Error: Peak virtual memory: 1133 megabytes
    Error: Processing ended: Wed May 16 16:32:26 2018
    Error: Elapsed time: 00:00:10
    Error: Total CPU time (on all processors): 00:00:20


